{"/Users/ajasaini1/Project/ny-times/App/App.js": {"path":"/Users/ajasaini1/Project/ny-times/App/App.js","statementMap":{"0":{"start":{"line":7,"column":29},"end":{"line":7,"column":42}},"1":{"start":{"line":11,"column":4},"end":{"line":27,"column":5}}},"fnMap":{"0":{"name":"(anonymous_0)","decl":{"start":{"line":10,"column":2},"end":{"line":10,"column":3}},"loc":{"start":{"line":10,"column":11},"end":{"line":28,"column":3}},"line":10}},"branchMap":{},"s":{"0":1,"1":1},"f":{"0":1},"b":{},"_coverageSchema":"43e27e138ebf9cfc5966b082cf9a028302ed4184","hash":"b980b17e1ed787733c173b363675cc4f5a1e791b"}
,"/Users/ajasaini1/Project/ny-times/App/Assets/Images/rightarrow.png": {"path":"/Users/ajasaini1/Project/ny-times/App/Assets/Images/rightarrow.png","statementMap":{"0":{"start":{"line":1,"column":0},"end":{"line":4,"column":6}}},"fnMap":{},"branchMap":{},"s":{"0":3},"f":{},"b":{},"_coverageSchema":"43e27e138ebf9cfc5966b082cf9a028302ed4184","hash":"18bd322cfe94f9d281168bd1f6c2f933d4ac3fbb"}
,"/Users/ajasaini1/Project/ny-times/App/Components/Article/Article.js": {"path":"/Users/ajasaini1/Project/ny-times/App/Components/Article/Article.js","statementMap":{"0":{"start":{"line":6,"column":16},"end":{"line":29,"column":1}},"1":{"start":{"line":11,"column":6},"end":{"line":11,"column":11}},"2":{"start":{"line":12,"column":2},"end":{"line":28,"column":3}},"3":{"start":{"line":13,"column":37},"end":{"line":13,"column":60}}},"fnMap":{"0":{"name":"(anonymous_0)","decl":{"start":{"line":6,"column":16},"end":{"line":6,"column":17}},"loc":{"start":{"line":6,"column":27},"end":{"line":29,"column":1}},"line":6},"1":{"name":"(anonymous_1)","decl":{"start":{"line":13,"column":31},"end":{"line":13,"column":32}},"loc":{"start":{"line":13,"column":37},"end":{"line":13,"column":60}},"line":13}},"branchMap":{},"s":{"0":3,"1":2,"2":2,"3":1},"f":{"0":2,"1":1},"b":{},"_coverageSchema":"43e27e138ebf9cfc5966b082cf9a028302ed4184","hash":"63ffc656d6b443fdd7ca1c1f2682ce6b4398bc3f"}
,"/Users/ajasaini1/Project/ny-times/App/Components/Article/ArticleStyle.js": {"path":"/Users/ajasaini1/Project/ny-times/App/Components/Article/ArticleStyle.js","statementMap":{},"fnMap":{},"branchMap":{},"s":{},"f":{},"b":{},"_coverageSchema":"43e27e138ebf9cfc5966b082cf9a028302ed4184","hash":"3dba01e8fbbc101eb30283a2e1891a52622f5f82"}
,"/Users/ajasaini1/Project/ny-times/App/Components/Article/index.js": {"path":"/Users/ajasaini1/Project/ny-times/App/Components/Article/index.js","statementMap":{},"fnMap":{},"branchMap":{},"s":{},"f":{},"b":{},"_coverageSchema":"43e27e138ebf9cfc5966b082cf9a028302ed4184","hash":"d5505195235be31fdec9624f75e573a0ea4a6b9f"}
,"/Users/ajasaini1/Project/ny-times/App/Config/index.js": {"path":"/Users/ajasaini1/Project/ny-times/App/Config/index.js","statementMap":{"0":{"start":{"line":1,"column":22},"end":{"line":4,"column":1}}},"fnMap":{},"branchMap":{},"s":{"0":3},"f":{},"b":{},"_coverageSchema":"43e27e138ebf9cfc5966b082cf9a028302ed4184","hash":"db11bca2db769557104c5d6e62ad378fca6a1963"}
,"/Users/ajasaini1/Project/ny-times/App/Containers/ArticleDetail/ArticleDetailScreen.js": {"path":"/Users/ajasaini1/Project/ny-times/App/Containers/ArticleDetail/ArticleDetailScreen.js","statementMap":{"0":{"start":{"line":22,"column":23},"end":{"line":22,"column":71}},"1":{"start":{"line":28,"column":27},"end":{"line":28,"column":37}},"2":{"start":{"line":29,"column":20},"end":{"line":29,"column":50}},"3":{"start":{"line":30,"column":4},"end":{"line":34,"column":5}}},"fnMap":{"0":{"name":"(anonymous_0)","decl":{"start":{"line":22,"column":17},"end":{"line":22,"column":18}},"loc":{"start":{"line":22,"column":23},"end":{"line":22,"column":71}},"line":22},"1":{"name":"(anonymous_1)","decl":{"start":{"line":27,"column":2},"end":{"line":27,"column":3}},"loc":{"start":{"line":27,"column":11},"end":{"line":35,"column":3}},"line":27}},"branchMap":{},"s":{"0":0,"1":1,"2":1,"3":1},"f":{"0":0,"1":1},"b":{},"_coverageSchema":"43e27e138ebf9cfc5966b082cf9a028302ed4184","hash":"481c170f6604fc7cb469ceca6d4c8b61fa4de10d"}
,"/Users/ajasaini1/Project/ny-times/App/Containers/ArticleDetail/ArticleDetailStyle.js": {"path":"/Users/ajasaini1/Project/ny-times/App/Containers/ArticleDetail/ArticleDetailStyle.js","statementMap":{},"fnMap":{},"branchMap":{},"s":{},"f":{},"b":{},"_coverageSchema":"43e27e138ebf9cfc5966b082cf9a028302ed4184","hash":"7ca37ab656ff00672428bf2af5709f358d073602"}
,"/Users/ajasaini1/Project/ny-times/App/Containers/ArticleDetail/Labels.js": {"path":"/Users/ajasaini1/Project/ny-times/App/Containers/ArticleDetail/Labels.js","statementMap":{"0":{"start":{"line":1,"column":18},"end":{"line":3,"column":1}}},"fnMap":{},"branchMap":{},"s":{"0":2},"f":{},"b":{},"_coverageSchema":"43e27e138ebf9cfc5966b082cf9a028302ed4184","hash":"d46b203e45411219c4737300fb0020ace431ad8d"}
,"/Users/ajasaini1/Project/ny-times/App/Containers/Articles/ArticlesScreen.js": {"path":"/Users/ajasaini1/Project/ny-times/App/Containers/Articles/ArticlesScreen.js","statementMap":{"0":{"start":{"line":24,"column":30},"end":{"line":24,"column":40}},"1":{"start":{"line":25,"column":4},"end":{"line":25,"column":19}},"2":{"start":{"line":29,"column":4},"end":{"line":29,"column":74}},"3":{"start":{"line":33,"column":44},"end":{"line":33,"column":54}},"4":{"start":{"line":34,"column":4},"end":{"line":44,"column":5}},"5":{"start":{"line":39,"column":36},"end":{"line":39,"column":99}},"6":{"start":{"line":40,"column":34},"end":{"line":40,"column":52}},"7":{"start":{"line":48,"column":27},"end":{"line":50,"column":2}},"8":{"start":{"line":48,"column":42},"end":{"line":50,"column":1}},"9":{"start":{"line":49,"column":23},"end":{"line":49,"column":64}},"10":{"start":{"line":52,"column":24},"end":{"line":57,"column":1}},"11":{"start":{"line":53,"column":2},"end":{"line":56,"column":3}}},"fnMap":{"0":{"name":"(anonymous_0)","decl":{"start":{"line":23,"column":2},"end":{"line":23,"column":3}},"loc":{"start":{"line":23,"column":22},"end":{"line":26,"column":3}},"line":23},"1":{"name":"(anonymous_1)","decl":{"start":{"line":28,"column":19},"end":{"line":28,"column":20}},"loc":{"start":{"line":28,"column":32},"end":{"line":30,"column":3}},"line":28},"2":{"name":"(anonymous_2)","decl":{"start":{"line":32,"column":2},"end":{"line":32,"column":3}},"loc":{"start":{"line":32,"column":11},"end":{"line":45,"column":3}},"line":32},"3":{"name":"(anonymous_3)","decl":{"start":{"line":39,"column":22},"end":{"line":39,"column":23}},"loc":{"start":{"line":39,"column":36},"end":{"line":39,"column":99}},"line":39},"4":{"name":"(anonymous_4)","decl":{"start":{"line":40,"column":24},"end":{"line":40,"column":25}},"loc":{"start":{"line":40,"column":34},"end":{"line":40,"column":52}},"line":40},"5":{"name":"(anonymous_5)","decl":{"start":{"line":48,"column":27},"end":{"line":48,"column":28}},"loc":{"start":{"line":48,"column":42},"end":{"line":50,"column":1}},"line":48},"6":{"name":"(anonymous_6)","decl":{"start":{"line":49,"column":17},"end":{"line":49,"column":18}},"loc":{"start":{"line":49,"column":23},"end":{"line":49,"column":64}},"line":49},"7":{"name":"(anonymous_7)","decl":{"start":{"line":52,"column":24},"end":{"line":52,"column":25}},"loc":{"start":{"line":52,"column":35},"end":{"line":57,"column":1}},"line":52}},"branchMap":{"0":{"loc":{"start":{"line":36,"column":9},"end":{"line":36,"column":86}},"type":"cond-expr","locations":[{"start":{"line":36,"column":29},"end":{"line":36,"column":79}},{"start":{"line":36,"column":82},"end":{"line":36,"column":86}}],"line":36}},"s":{"0":2,"1":2,"2":0,"3":2,"4":2,"5":0,"6":0,"7":2,"8":1,"9":1,"10":2,"11":2},"f":{"0":2,"1":0,"2":2,"3":0,"4":0,"5":1,"6":1,"7":2},"b":{"0":[1,1]},"_coverageSchema":"43e27e138ebf9cfc5966b082cf9a028302ed4184","hash":"928009ffb6963a0910d5fe8a1762f6eb8475f6c3"}
,"/Users/ajasaini1/Project/ny-times/App/Containers/Articles/ArticlesScreenStyle.js": {"path":"/Users/ajasaini1/Project/ny-times/App/Containers/Articles/ArticlesScreenStyle.js","statementMap":{},"fnMap":{},"branchMap":{},"s":{},"f":{},"b":{},"_coverageSchema":"43e27e138ebf9cfc5966b082cf9a028302ed4184","hash":"4d08c10719182a6493cbfec94578c0218ef1d49f"}
,"/Users/ajasaini1/Project/ny-times/App/Containers/Articles/Labels.js": {"path":"/Users/ajasaini1/Project/ny-times/App/Containers/Articles/Labels.js","statementMap":{"0":{"start":{"line":1,"column":18},"end":{"line":3,"column":1}}},"fnMap":{},"branchMap":{},"s":{"0":2},"f":{},"b":{},"_coverageSchema":"43e27e138ebf9cfc5966b082cf9a028302ed4184","hash":"37eed1a22948834d81d31fed7399bad9bafa1f82"}
,"/Users/ajasaini1/Project/ny-times/App/Containers/Root/RootScreen.js": {"path":"/Users/ajasaini1/Project/ny-times/App/Containers/Root/RootScreen.js","statementMap":{"0":{"start":{"line":13,"column":4},"end":{"line":13,"column":24}},"1":{"start":{"line":17,"column":4},"end":{"line":26,"column":5}},"2":{"start":{"line":22,"column":12},"end":{"line":22,"column":64}},"3":{"start":{"line":30,"column":0},"end":{"line":32,"column":1}},"4":{"start":{"line":34,"column":24},"end":{"line":34,"column":39}},"5":{"start":{"line":34,"column":36},"end":{"line":34,"column":38}},"6":{"start":{"line":36,"column":27},"end":{"line":38,"column":2}},"7":{"start":{"line":36,"column":42},"end":{"line":38,"column":1}},"8":{"start":{"line":37,"column":17},"end":{"line":37,"column":51}}},"fnMap":{"0":{"name":"(anonymous_0)","decl":{"start":{"line":11,"column":2},"end":{"line":11,"column":3}},"loc":{"start":{"line":11,"column":22},"end":{"line":14,"column":3}},"line":11},"1":{"name":"(anonymous_1)","decl":{"start":{"line":16,"column":2},"end":{"line":16,"column":3}},"loc":{"start":{"line":16,"column":11},"end":{"line":27,"column":3}},"line":16},"2":{"name":"(anonymous_2)","decl":{"start":{"line":21,"column":15},"end":{"line":21,"column":16}},"loc":{"start":{"line":21,"column":33},"end":{"line":23,"column":11}},"line":21},"3":{"name":"(anonymous_3)","decl":{"start":{"line":34,"column":24},"end":{"line":34,"column":25}},"loc":{"start":{"line":34,"column":36},"end":{"line":34,"column":38}},"line":34},"4":{"name":"(anonymous_4)","decl":{"start":{"line":36,"column":27},"end":{"line":36,"column":28}},"loc":{"start":{"line":36,"column":42},"end":{"line":38,"column":1}},"line":36},"5":{"name":"(anonymous_5)","decl":{"start":{"line":37,"column":11},"end":{"line":37,"column":12}},"loc":{"start":{"line":37,"column":17},"end":{"line":37,"column":51}},"line":37}},"branchMap":{},"s":{"0":1,"1":1,"2":1,"3":1,"4":1,"5":3,"6":1,"7":1,"8":1},"f":{"0":1,"1":1,"2":1,"3":3,"4":1,"5":1},"b":{},"_coverageSchema":"43e27e138ebf9cfc5966b082cf9a028302ed4184","hash":"82cd9b2612da5d7f9a5fb5ae57d1e8dce3ae8226"}
,"/Users/ajasaini1/Project/ny-times/App/Containers/Root/RootScreenStyle.js": {"path":"/Users/ajasaini1/Project/ny-times/App/Containers/Root/RootScreenStyle.js","statementMap":{},"fnMap":{},"branchMap":{},"s":{},"f":{},"b":{},"_coverageSchema":"43e27e138ebf9cfc5966b082cf9a028302ed4184","hash":"b1c685c813436c4640a350a16ed3ffdf5e8f6b8b"}
,"/Users/ajasaini1/Project/ny-times/App/Containers/SplashScreen/SplashScreen.js": {"path":"/Users/ajasaini1/Project/ny-times/App/Containers/SplashScreen/SplashScreen.js","statementMap":{"0":{"start":{"line":7,"column":4},"end":{"line":14,"column":5}}},"fnMap":{"0":{"name":"(anonymous_0)","decl":{"start":{"line":6,"column":2},"end":{"line":6,"column":3}},"loc":{"start":{"line":6,"column":11},"end":{"line":15,"column":3}},"line":6}},"branchMap":{},"s":{"0":1},"f":{"0":1},"b":{},"_coverageSchema":"43e27e138ebf9cfc5966b082cf9a028302ed4184","hash":"cc3676792ebd3fad4af7598b7904c136a9ec3eae"}
,"/Users/ajasaini1/Project/ny-times/App/Containers/SplashScreen/SplashScreenStyle.js": {"path":"/Users/ajasaini1/Project/ny-times/App/Containers/SplashScreen/SplashScreenStyle.js","statementMap":{},"fnMap":{},"branchMap":{},"s":{},"f":{},"b":{},"_coverageSchema":"43e27e138ebf9cfc5966b082cf9a028302ed4184","hash":"0b14079523bafb19503dda6bd10f66bc710536d5"}
,"/Users/ajasaini1/Project/ny-times/App/Navigators/AppNavigator.js": {"path":"/Users/ajasaini1/Project/ny-times/App/Navigators/AppNavigator.js","statementMap":{"0":{"start":{"line":12,"column":23},"end":{"line":27,"column":1}}},"fnMap":{},"branchMap":{},"s":{"0":1},"f":{},"b":{},"_coverageSchema":"43e27e138ebf9cfc5966b082cf9a028302ed4184","hash":"e5f6fbc4593e583518eaff4b48a8a7b9ddb203f4"}
,"/Users/ajasaini1/Project/ny-times/App/Sagas/ArticlesSaga.js": {"path":"/Users/ajasaini1/Project/ny-times/App/Sagas/ArticlesSaga.js","statementMap":{"0":{"start":{"line":14,"column":2},"end":{"line":14,"column":51}},"1":{"start":{"line":17,"column":19},"end":{"line":17,"column":60}},"2":{"start":{"line":18,"column":2},"end":{"line":22,"column":3}},"3":{"start":{"line":19,"column":4},"end":{"line":19,"column":61}},"4":{"start":{"line":21,"column":4},"end":{"line":21,"column":98}}},"fnMap":{"0":{"name":"fetchArticles","decl":{"start":{"line":11,"column":17},"end":{"line":11,"column":30}},"loc":{"start":{"line":11,"column":33},"end":{"line":23,"column":1}},"line":11}},"branchMap":{"0":{"loc":{"start":{"line":18,"column":2},"end":{"line":22,"column":3}},"type":"if","locations":[{"start":{"line":18,"column":2},"end":{"line":22,"column":3}},{"start":{"line":18,"column":2},"end":{"line":22,"column":3}}],"line":18}},"s":{"0":4,"1":4,"2":2,"3":1,"4":1},"f":{"0":4},"b":{"0":[1,1]},"_coverageSchema":"43e27e138ebf9cfc5966b082cf9a028302ed4184","hash":"de02a8fa268c0dececa67b7c108e90a77f38da06"}
,"/Users/ajasaini1/Project/ny-times/App/Sagas/StartupSaga.js": {"path":"/Users/ajasaini1/Project/ny-times/App/Sagas/StartupSaga.js","statementMap":{"0":{"start":{"line":11,"column":2},"end":{"line":11,"column":44}},"1":{"start":{"line":17,"column":2},"end":{"line":17,"column":50}}},"fnMap":{"0":{"name":"startup","decl":{"start":{"line":8,"column":17},"end":{"line":8,"column":24}},"loc":{"start":{"line":8,"column":27},"end":{"line":18,"column":1}},"line":8}},"branchMap":{},"s":{"0":1,"1":1},"f":{"0":1},"b":{},"_coverageSchema":"43e27e138ebf9cfc5966b082cf9a028302ed4184","hash":"034c0f22947daa26b33a22a9ce78ebde655e9015"}
,"/Users/ajasaini1/Project/ny-times/App/Sagas/index.js": {"path":"/Users/ajasaini1/Project/ny-times/App/Sagas/index.js","statementMap":{"0":{"start":{"line":8,"column":2},"end":{"line":16,"column":4}}},"fnMap":{"0":{"name":"root","decl":{"start":{"line":7,"column":25},"end":{"line":7,"column":29}},"loc":{"start":{"line":7,"column":32},"end":{"line":17,"column":1}},"line":7}},"branchMap":{},"s":{"0":1},"f":{"0":1},"b":{},"_coverageSchema":"43e27e138ebf9cfc5966b082cf9a028302ed4184","hash":"ec9733f577e16d123e140a2719ce5f024cf8384f"}
,"/Users/ajasaini1/Project/ny-times/App/Services/ArticlesService.js": {"path":"/Users/ajasaini1/Project/ny-times/App/Services/ArticlesService.js","statementMap":{"0":{"start":{"line":5,"column":17},"end":{"line":8,"column":2}},"1":{"start":{"line":6,"column":19},"end":{"line":6,"column":29}},"2":{"start":{"line":7,"column":2},"end":{"line":7,"column":96}},"3":{"start":{"line":9,"column":15},"end":{"line":9,"column":33}},"4":{"start":{"line":16,"column":26},"end":{"line":25,"column":2}},"5":{"start":{"line":28,"column":2},"end":{"line":34,"column":4}},"6":{"start":{"line":29,"column":4},"end":{"line":31,"column":5}},"7":{"start":{"line":30,"column":6},"end":{"line":30,"column":26}},"8":{"start":{"line":33,"column":4},"end":{"line":33,"column":15}},"9":{"start":{"line":37,"column":31},"end":{"line":39,"column":1}}},"fnMap":{"0":{"name":"(anonymous_0)","decl":{"start":{"line":5,"column":27},"end":{"line":5,"column":28}},"loc":{"start":{"line":5,"column":48},"end":{"line":8,"column":1}},"line":5},"1":{"name":"fetchArticles","decl":{"start":{"line":27,"column":9},"end":{"line":27,"column":22}},"loc":{"start":{"line":27,"column":25},"end":{"line":35,"column":1}},"line":27},"2":{"name":"(anonymous_2)","decl":{"start":{"line":28,"column":38},"end":{"line":28,"column":39}},"loc":{"start":{"line":28,"column":52},"end":{"line":34,"column":3}},"line":28}},"branchMap":{"0":{"loc":{"start":{"line":7,"column":9},"end":{"line":7,"column":96}},"type":"binary-expr","locations":[{"start":{"line":7,"column":9},"end":{"line":7,"column":22}},{"start":{"line":7,"column":26},"end":{"line":7,"column":39}},{"start":{"line":7,"column":43},"end":{"line":7,"column":58}},{"start":{"line":7,"column":62},"end":{"line":7,"column":77}},{"start":{"line":7,"column":81},"end":{"line":7,"column":96}}],"line":7},"1":{"loc":{"start":{"line":29,"column":4},"end":{"line":31,"column":5}},"type":"if","locations":[{"start":{"line":29,"column":4},"end":{"line":31,"column":5}},{"start":{"line":29,"column":4},"end":{"line":31,"column":5}}],"line":29}},"s":{"0":3,"1":1,"2":1,"3":3,"4":3,"5":3,"6":1,"7":1,"8":0,"9":3},"f":{"0":1,"1":3,"2":1},"b":{"0":[1,1,1,1,1],"1":[1,0]},"_coverageSchema":"43e27e138ebf9cfc5966b082cf9a028302ed4184","hash":"551efc644f9e99824cb341af4ab148eac46c8055"}
,"/Users/ajasaini1/Project/ny-times/App/Services/NavigationService.js": {"path":"/Users/ajasaini1/Project/ny-times/App/Services/NavigationService.js","statementMap":{"0":{"start":{"line":15,"column":2},"end":{"line":15,"column":26}},"1":{"start":{"line":25,"column":2},"end":{"line":30,"column":3}},"2":{"start":{"line":43,"column":2},"end":{"line":54,"column":3}}},"fnMap":{"0":{"name":"setTopLevelNavigator","decl":{"start":{"line":14,"column":9},"end":{"line":14,"column":29}},"loc":{"start":{"line":14,"column":44},"end":{"line":16,"column":1}},"line":14},"1":{"name":"navigate","decl":{"start":{"line":24,"column":9},"end":{"line":24,"column":17}},"loc":{"start":{"line":24,"column":37},"end":{"line":31,"column":1}},"line":24},"2":{"name":"navigateAndReset","decl":{"start":{"line":42,"column":9},"end":{"line":42,"column":25}},"loc":{"start":{"line":42,"column":45},"end":{"line":55,"column":1}},"line":42}},"branchMap":{},"s":{"0":1,"1":0,"2":1},"f":{"0":1,"1":0,"2":1},"b":{},"_coverageSchema":"43e27e138ebf9cfc5966b082cf9a028302ed4184","hash":"2459be83ca2f5ded631ddb89080193226e626cb0"}
,"/Users/ajasaini1/Project/ny-times/App/Stores/CreateStore.js": {"path":"/Users/ajasaini1/Project/ny-times/App/Stores/CreateStore.js","statementMap":{"0":{"start":{"line":16,"column":22},"end":{"line":25,"column":1}},"1":{"start":{"line":28,"column":21},"end":{"line":28,"column":23}},"2":{"start":{"line":29,"column":20},"end":{"line":29,"column":22}},"3":{"start":{"line":32,"column":25},"end":{"line":32,"column":47}},"4":{"start":{"line":33,"column":2},"end":{"line":33,"column":33}},"5":{"start":{"line":35,"column":2},"end":{"line":35,"column":48}},"6":{"start":{"line":38,"column":27},"end":{"line":38,"column":69}},"7":{"start":{"line":40,"column":16},"end":{"line":40,"column":68}},"8":{"start":{"line":41,"column":20},"end":{"line":41,"column":39}},"9":{"start":{"line":44,"column":2},"end":{"line":44,"column":30}},"10":{"start":{"line":46,"column":2},"end":{"line":46,"column":29}}},"fnMap":{"0":{"name":"(anonymous_0)","decl":{"start":{"line":27,"column":15},"end":{"line":27,"column":16}},"loc":{"start":{"line":27,"column":42},"end":{"line":47,"column":1}},"line":27}},"branchMap":{},"s":{"0":1,"1":1,"2":1,"3":1,"4":1,"5":1,"6":1,"7":1,"8":1,"9":1,"10":1},"f":{"0":1},"b":{},"_coverageSchema":"43e27e138ebf9cfc5966b082cf9a028302ed4184","hash":"b811350a9494fee1f527c6619bef6281bbbca547"}
,"/Users/ajasaini1/Project/ny-times/App/Stores/index.js": {"path":"/Users/ajasaini1/Project/ny-times/App/Stores/index.js","statementMap":{"0":{"start":{"line":7,"column":22},"end":{"line":13,"column":4}},"1":{"start":{"line":15,"column":2},"end":{"line":15,"column":46}}},"fnMap":{"0":{"name":"(anonymous_0)","decl":{"start":{"line":6,"column":15},"end":{"line":6,"column":16}},"loc":{"start":{"line":6,"column":21},"end":{"line":16,"column":1}},"line":6}},"branchMap":{},"s":{"0":1,"1":1},"f":{"0":1},"b":{},"_coverageSchema":"43e27e138ebf9cfc5966b082cf9a028302ed4184","hash":"60c3a6cd5b930e081209ada239a4675ef1887c37"}
,"/Users/ajasaini1/Project/ny-times/App/Stores/Articles/Actions.js": {"path":"/Users/ajasaini1/Project/ny-times/App/Stores/Articles/Actions.js","statementMap":{"0":{"start":{"line":21,"column":28},"end":{"line":30,"column":2}},"1":{"start":{"line":32,"column":29},"end":{"line":32,"column":34}}},"fnMap":{},"branchMap":{},"s":{"0":3,"1":3},"f":{},"b":{},"_coverageSchema":"43e27e138ebf9cfc5966b082cf9a028302ed4184","hash":"b9e6730dcf6c7b21fec81c7c1c67187672c4554e"}
,"/Users/ajasaini1/Project/ny-times/App/Stores/Articles/InitialState.js": {"path":"/Users/ajasaini1/Project/ny-times/App/Stores/Articles/InitialState.js","statementMap":{"0":{"start":{"line":4,"column":29},"end":{"line":8,"column":1}}},"fnMap":{},"branchMap":{},"s":{"0":1},"f":{},"b":{},"_coverageSchema":"43e27e138ebf9cfc5966b082cf9a028302ed4184","hash":"61d2898f09e876a82dc28041fc62230a9331205d"}
,"/Users/ajasaini1/Project/ny-times/App/Stores/Articles/Reducers.js": {"path":"/Users/ajasaini1/Project/ny-times/App/Stores/Articles/Reducers.js","statementMap":{"0":{"start":{"line":11,"column":36},"end":{"line":15,"column":2}},"1":{"start":{"line":11,"column":48},"end":{"line":15,"column":1}},"2":{"start":{"line":17,"column":36},"end":{"line":22,"column":2}},"3":{"start":{"line":17,"column":62},"end":{"line":22,"column":1}},"4":{"start":{"line":24,"column":36},"end":{"line":29,"column":2}},"5":{"start":{"line":24,"column":66},"end":{"line":29,"column":1}},"6":{"start":{"line":34,"column":23},"end":{"line":38,"column":2}}},"fnMap":{"0":{"name":"(anonymous_0)","decl":{"start":{"line":11,"column":36},"end":{"line":11,"column":37}},"loc":{"start":{"line":11,"column":48},"end":{"line":15,"column":1}},"line":11},"1":{"name":"(anonymous_1)","decl":{"start":{"line":17,"column":36},"end":{"line":17,"column":37}},"loc":{"start":{"line":17,"column":62},"end":{"line":22,"column":1}},"line":17},"2":{"name":"(anonymous_2)","decl":{"start":{"line":24,"column":36},"end":{"line":24,"column":37}},"loc":{"start":{"line":24,"column":66},"end":{"line":29,"column":1}},"line":24}},"branchMap":{},"s":{"0":1,"1":2,"2":1,"3":0,"4":1,"5":0,"6":1},"f":{"0":2,"1":0,"2":0},"b":{},"_coverageSchema":"43e27e138ebf9cfc5966b082cf9a028302ed4184","hash":"e6dc3e5e60b781cfbf54f9582bd08ea465730ae5"}
,"/Users/ajasaini1/Project/ny-times/App/Stores/Startup/Actions.js": {"path":"/Users/ajasaini1/Project/ny-times/App/Stores/Startup/Actions.js","statementMap":{"0":{"start":{"line":3,"column":28},"end":{"line":6,"column":2}},"1":{"start":{"line":8,"column":28},"end":{"line":8,"column":33}}},"fnMap":{},"branchMap":{},"s":{"0":1,"1":1},"f":{},"b":{},"_coverageSchema":"43e27e138ebf9cfc5966b082cf9a028302ed4184","hash":"503adf0d701e0537c044fc1edf6a60795565e5af"}
,"/Users/ajasaini1/Project/ny-times/App/Theme/ApplicationStyles.js": {"path":"/Users/ajasaini1/Project/ny-times/App/Theme/ApplicationStyles.js","statementMap":{},"fnMap":{},"branchMap":{},"s":{},"f":{},"b":{},"_coverageSchema":"43e27e138ebf9cfc5966b082cf9a028302ed4184","hash":"157b8d69cd30d6fd53f9e9d2f2bc6a65aa1f1b38"}
,"/Users/ajasaini1/Project/ny-times/App/Theme/Colors.js": {"path":"/Users/ajasaini1/Project/ny-times/App/Theme/Colors.js","statementMap":{},"fnMap":{},"branchMap":{},"s":{},"f":{},"b":{},"_coverageSchema":"43e27e138ebf9cfc5966b082cf9a028302ed4184","hash":"47cb86ce9c8ea0dbaee1e23ef27b32dc573bffb5"}
}
