TN:
SF:/Users/ajasaini1/Project/ny-times/App/App.js
FN:10,(anonymous_0)
FNF:1
FNH:1
FNDA:1,(anonymous_0)
DA:7,1
DA:11,1
LF:2
LH:2
BRF:0
BRH:0
end_of_record
TN:
SF:/Users/ajasaini1/Project/ny-times/App/Assets/Images/rightarrow.png
FNF:0
FNH:0
DA:1,3
LF:1
LH:1
BRF:0
BRH:0
end_of_record
TN:
SF:/Users/ajasaini1/Project/ny-times/App/Components/Article/Article.js
FN:6,(anonymous_0)
FN:13,(anonymous_1)
FNF:2
FNH:1
FNDA:1,(anonymous_0)
FNDA:0,(anonymous_1)
DA:6,3
DA:11,1
DA:12,1
DA:13,0
LF:4
LH:3
BRF:0
BRH:0
end_of_record
TN:
SF:/Users/ajasaini1/Project/ny-times/App/Components/Article/ArticleStyle.js
FNF:0
FNH:0
LF:0
LH:0
BRF:0
BRH:0
end_of_record
TN:
SF:/Users/ajasaini1/Project/ny-times/App/Components/Article/index.js
FNF:0
FNH:0
LF:0
LH:0
BRF:0
BRH:0
end_of_record
TN:
SF:/Users/ajasaini1/Project/ny-times/App/Config/index.js
FNF:0
FNH:0
DA:1,1
LF:1
LH:1
BRF:0
BRH:0
end_of_record
TN:
SF:/Users/ajasaini1/Project/ny-times/App/Containers/ArticleDetail/ArticleDetailScreen.js
FN:22,(anonymous_0)
FN:27,(anonymous_1)
FNF:2
FNH:1
FNDA:0,(anonymous_0)
FNDA:1,(anonymous_1)
DA:22,0
DA:28,1
DA:29,1
DA:30,1
LF:4
LH:3
BRF:0
BRH:0
end_of_record
TN:
SF:/Users/ajasaini1/Project/ny-times/App/Containers/ArticleDetail/ArticleDetailStyle.js
FNF:0
FNH:0
LF:0
LH:0
BRF:0
BRH:0
end_of_record
TN:
SF:/Users/ajasaini1/Project/ny-times/App/Containers/ArticleDetail/Labels.js
FNF:0
FNH:0
DA:1,2
LF:1
LH:1
BRF:0
BRH:0
end_of_record
TN:
SF:/Users/ajasaini1/Project/ny-times/App/Containers/Articles/ArticlesScreen.js
FN:23,(anonymous_0)
FN:28,(anonymous_1)
FN:32,(anonymous_2)
FN:39,(anonymous_3)
FN:40,(anonymous_4)
FN:48,(anonymous_5)
FN:49,(anonymous_6)
FN:52,(anonymous_7)
FNF:8
FNH:5
FNDA:2,(anonymous_0)
FNDA:0,(anonymous_1)
FNDA:2,(anonymous_2)
FNDA:0,(anonymous_3)
FNDA:0,(anonymous_4)
FNDA:1,(anonymous_5)
FNDA:1,(anonymous_6)
FNDA:2,(anonymous_7)
DA:24,2
DA:25,2
DA:29,0
DA:33,2
DA:34,2
DA:39,0
DA:40,0
DA:48,2
DA:49,1
DA:52,2
DA:53,2
LF:11
LH:8
BRDA:36,0,0,1
BRDA:36,0,1,1
BRF:2
BRH:2
end_of_record
TN:
SF:/Users/ajasaini1/Project/ny-times/App/Containers/Articles/ArticlesScreenStyle.js
FNF:0
FNH:0
LF:0
LH:0
BRF:0
BRH:0
end_of_record
TN:
SF:/Users/ajasaini1/Project/ny-times/App/Containers/Articles/Labels.js
FNF:0
FNH:0
DA:1,2
LF:1
LH:1
BRF:0
BRH:0
end_of_record
TN:
SF:/Users/ajasaini1/Project/ny-times/App/Containers/Root/RootScreen.js
FN:11,(anonymous_0)
FN:16,(anonymous_1)
FN:21,(anonymous_2)
FN:34,(anonymous_3)
FN:36,(anonymous_4)
FN:37,(anonymous_5)
FNF:6
FNH:6
FNDA:1,(anonymous_0)
FNDA:1,(anonymous_1)
FNDA:1,(anonymous_2)
FNDA:3,(anonymous_3)
FNDA:1,(anonymous_4)
FNDA:1,(anonymous_5)
DA:13,1
DA:17,1
DA:22,1
DA:30,1
DA:34,3
DA:36,1
DA:37,1
LF:7
LH:7
BRF:0
BRH:0
end_of_record
TN:
SF:/Users/ajasaini1/Project/ny-times/App/Containers/Root/RootScreenStyle.js
FNF:0
FNH:0
LF:0
LH:0
BRF:0
BRH:0
end_of_record
TN:
SF:/Users/ajasaini1/Project/ny-times/App/Containers/SplashScreen/SplashScreen.js
FN:6,(anonymous_0)
FNF:1
FNH:1
FNDA:1,(anonymous_0)
DA:7,1
LF:1
LH:1
BRF:0
BRH:0
end_of_record
TN:
SF:/Users/ajasaini1/Project/ny-times/App/Containers/SplashScreen/SplashScreenStyle.js
FNF:0
FNH:0
LF:0
LH:0
BRF:0
BRH:0
end_of_record
TN:
SF:/Users/ajasaini1/Project/ny-times/App/Navigators/AppNavigator.js
FNF:0
FNH:0
DA:12,1
LF:1
LH:1
BRF:0
BRH:0
end_of_record
TN:
SF:/Users/ajasaini1/Project/ny-times/App/Sagas/ArticlesSaga.js
FN:11,fetchArticles
FNF:1
FNH:1
FNDA:2,fetchArticles
DA:14,2
DA:17,2
DA:18,0
DA:19,0
DA:21,0
LF:5
LH:2
BRDA:18,0,0,0
BRDA:18,0,1,0
BRF:2
BRH:0
end_of_record
TN:
SF:/Users/ajasaini1/Project/ny-times/App/Sagas/StartupSaga.js
FN:8,startup
FNF:1
FNH:1
FNDA:1,startup
DA:11,1
DA:17,1
LF:2
LH:2
BRF:0
BRH:0
end_of_record
TN:
SF:/Users/ajasaini1/Project/ny-times/App/Sagas/index.js
FN:7,root
FNF:1
FNH:1
FNDA:1,root
DA:8,1
LF:1
LH:1
BRF:0
BRH:0
end_of_record
TN:
SF:/Users/ajasaini1/Project/ny-times/App/Services/ArticlesService.js
FN:5,(anonymous_0)
FN:27,fetchArticles
FN:28,(anonymous_2)
FNF:3
FNH:1
FNDA:0,(anonymous_0)
FNDA:2,fetchArticles
FNDA:0,(anonymous_2)
DA:5,1
DA:6,0
DA:7,0
DA:9,1
DA:16,1
DA:28,2
DA:29,0
DA:30,0
DA:33,0
DA:37,1
LF:10
LH:5
BRDA:7,0,0,0
BRDA:7,0,1,0
BRDA:7,0,2,0
BRDA:7,0,3,0
BRDA:7,0,4,0
BRDA:29,1,0,0
BRDA:29,1,1,0
BRF:7
BRH:0
end_of_record
TN:
SF:/Users/ajasaini1/Project/ny-times/App/Services/NavigationService.js
FN:14,setTopLevelNavigator
FN:24,navigate
FN:42,navigateAndReset
FNF:3
FNH:2
FNDA:1,setTopLevelNavigator
FNDA:0,navigate
FNDA:1,navigateAndReset
DA:15,1
DA:25,0
DA:43,1
LF:3
LH:2
BRF:0
BRH:0
end_of_record
TN:
SF:/Users/ajasaini1/Project/ny-times/App/Stores/CreateStore.js
FN:27,(anonymous_0)
FNF:1
FNH:1
FNDA:1,(anonymous_0)
DA:16,1
DA:28,1
DA:29,1
DA:32,1
DA:33,1
DA:35,1
DA:38,1
DA:40,1
DA:41,1
DA:44,1
DA:46,1
LF:11
LH:11
BRF:0
BRH:0
end_of_record
TN:
SF:/Users/ajasaini1/Project/ny-times/App/Stores/index.js
FN:6,(anonymous_0)
FNF:1
FNH:1
FNDA:1,(anonymous_0)
DA:7,1
DA:15,1
LF:2
LH:2
BRF:0
BRH:0
end_of_record
TN:
SF:/Users/ajasaini1/Project/ny-times/App/Stores/Articles/Actions.js
FNF:0
FNH:0
DA:21,2
DA:32,2
LF:2
LH:2
BRF:0
BRH:0
end_of_record
TN:
SF:/Users/ajasaini1/Project/ny-times/App/Stores/Articles/InitialState.js
FNF:0
FNH:0
DA:4,1
LF:1
LH:1
BRF:0
BRH:0
end_of_record
TN:
SF:/Users/ajasaini1/Project/ny-times/App/Stores/Articles/Reducers.js
FN:11,(anonymous_0)
FN:17,(anonymous_1)
FN:24,(anonymous_2)
FNF:3
FNH:1
FNDA:2,(anonymous_0)
FNDA:0,(anonymous_1)
FNDA:0,(anonymous_2)
DA:11,2
DA:17,1
DA:24,1
DA:34,1
LF:4
LH:4
BRF:0
BRH:0
end_of_record
TN:
SF:/Users/ajasaini1/Project/ny-times/App/Stores/Startup/Actions.js
FNF:0
FNH:0
DA:3,1
DA:8,1
LF:2
LH:2
BRF:0
BRH:0
end_of_record
TN:
SF:/Users/ajasaini1/Project/ny-times/App/Theme/ApplicationStyles.js
FNF:0
FNH:0
LF:0
LH:0
BRF:0
BRH:0
end_of_record
TN:
SF:/Users/ajasaini1/Project/ny-times/App/Theme/Colors.js
FNF:0
FNH:0
LF:0
LH:0
BRF:0
BRH:0
end_of_record
